Build started 9/6/2013 3:13:45 PM.
     1>Project "D:\Cocos2d-x\cocos2d-x-2.1.4\cocos2d-x-2.1.4\projects\UI_ON_SPEED\proj.win32\UI_ON_SPEED.vcxproj" on node 2 (build target(s)).
     1>InitializeBuildStatus:
         Creating "Debug.win32\UI_ON_SPEED.unsuccessfulbuild" because "AlwaysCreate" was specified.
       ClCompile:
         C:\Program Files (x86)\Microsoft Visual Studio 10.0\VC\bin\CL.exe /c /I"D:\Cocos2d-x\cocos2d-x-2.1.4\cocos2d-x-2.1.4\projects\UI_ON_SPEED\proj.win32\..\..\..\cocos2dx" /I"D:\Cocos2d-x\cocos2d-x-2.1.4\cocos2d-x-2.1.4\projects\UI_ON_SPEED\proj.win32\..\..\..\cocos2dx\include" /I"D:\Cocos2d-x\cocos2d-x-2.1.4\cocos2d-x-2.1.4\projects\UI_ON_SPEED\proj.win32\..\..\..\cocos2dx\kazmath\include" /I"D:\Cocos2d-x\cocos2d-x-2.1.4\cocos2d-x-2.1.4\projects\UI_ON_SPEED\proj.win32\..\..\..\cocos2dx\platform\win32" /I"D:\Cocos2d-x\cocos2d-x-2.1.4\cocos2d-x-2.1.4\projects\UI_ON_SPEED\proj.win32\..\..\..\cocos2dx\platform\third_party\win32" /I"D:\Cocos2d-x\cocos2d-x-2.1.4\cocos2d-x-2.1.4\projects\UI_ON_SPEED\proj.win32\..\..\..\cocos2dx\platform\third_party\win32\OGLES" /I"D:\Cocos2d-x\cocos2d-x-2.1.4\cocos2d-x-2.1.4\projects\UI_ON_SPEED\proj.win32\..\..\..\external" /I"D:\Cocos2d-x\cocos2d-x-2.1.4\cocos2d-x-2.1.4\projects\UI_ON_SPEED\proj.win32\..\..\..\external\chipmunk\include\chipmunk" /I"D:\Cocos2d-x\cocos2d-x-2.1.4\cocos2d-x-2.1.4\projects\UI_ON_SPEED\proj.win32\..\..\..\CocosDenshion\include" /I"D:\Cocos2d-x\cocos2d-x-2.1.4\cocos2d-x-2.1.4\projects\UI_ON_SPEED\proj.win32\..\..\..\extensions" /I..\Classes /I.. /ZI /nologo /W3 /WX- /Od /Oy- /D WIN32 /D _DEBUG /D _WINDOWS /D _USE_MATH_DEFINES /D GL_GLEXT_PROTOTYPES /D CC_ENABLE_CHIPMUNK_INTEGRATION=1 /D COCOS2D_DEBUG=1 /D _CRT_SECURE_NO_WARNINGS /D _SCL_SECURE_NO_WARNINGS /D _UNICODE /D UNICODE /Gm /EHsc /RTC1 /MDd /GS /fp:precise /Zc:wchar_t /Zc:forScope /Fo"Debug.win32\\" /Fd"Debug.win32\vc100.pdb" /Gd /TP /wd4267 /wd4251 /wd4244 /analyze- /errorReport:prompt ..\Classes\MainMenuLayer.cpp
         MainMenuLayer.cpp
       ManifestResourceCompile:
         All outputs are up-to-date.
       PreLinkEvent:
         if not exist "D:\Cocos2d-x\cocos2d-x-2.1.4\cocos2d-x-2.1.4\projects\UI_ON_SPEED\proj.win32\Debug.win32\" mkdir "D:\Cocos2d-x\cocos2d-x-2.1.4\cocos2d-x-2.1.4\projects\UI_ON_SPEED\proj.win32\Debug.win32\"
         xcopy /Y /Q "D:\Cocos2d-x\cocos2d-x-2.1.4\cocos2d-x-2.1.4\projects\UI_ON_SPEED\proj.win32\..\..\..\external\libwebsockets\win32\lib\*.*" "D:\Cocos2d-x\cocos2d-x-2.1.4\cocos2d-x-2.1.4\projects\UI_ON_SPEED\proj.win32\Debug.win32\"
         :VCEnd
         2 File(s) copied
       Link:
         C:\Program Files (x86)\Microsoft Visual Studio 10.0\VC\bin\link.exe /ERRORREPORT:PROMPT /OUT:"D:\Cocos2d-x\cocos2d-x-2.1.4\cocos2d-x-2.1.4\projects\UI_ON_SPEED\proj.win32\Debug.win32\UI_ON_SPEED.exe" /INCREMENTAL /NOLOGO /LIBPATH:"D:\Cocos2d-x\cocos2d-x-2.1.4\cocos2d-x-2.1.4\projects\UI_ON_SPEED\proj.win32\Debug.win32\\" libExtensions.lib libcocos2d.lib libCocosDenshion.lib opengl32.lib glew32.lib libBox2d.lib libchipmunk.lib libcurl_imp.lib pthreadVCE2.lib websockets.lib kernel32.lib user32.lib gdi32.lib winspool.lib comdlg32.lib advapi32.lib shell32.lib ole32.lib oleaut32.lib uuid.lib odbc32.lib odbccp32.lib /MANIFEST /ManifestFile:"Debug.win32\UI_ON_SPEED.exe.intermediate.manifest" /MANIFESTUAC:"level='asInvoker' uiAccess='false'" /DEBUG /PDB:"D:\Cocos2d-x\cocos2d-x-2.1.4\cocos2d-x-2.1.4\projects\UI_ON_SPEED\proj.win32\Debug.win32\UI_ON_SPEED.pdb" /SUBSYSTEM:WINDOWS /TLBID:1 /DYNAMICBASE /NXCOMPAT /IMPLIB:"D:\Cocos2d-x\cocos2d-x-2.1.4\cocos2d-x-2.1.4\projects\UI_ON_SPEED\proj.win32\Debug.win32\UI_ON_SPEED.lib" /MACHINE:X86 Debug.win32\UI_ON_SPEED.exe.embed.manifest.res
         Debug.win32\AppDelegate.obj
         Debug.win32\BoulderActionLayer.obj
         Debug.win32\BoulderLayer.obj
         Debug.win32\BoulderScene.obj
         Debug.win32\BoulderUILayer.obj
         Debug.win32\GameConstants.obj
         Debug.win32\GameManager.obj
         Debug.win32\HelloWorldScene.obj
         Debug.win32\MainMenuBackgroundLayer.obj
         Debug.win32\MainMenuLayer.obj
         Debug.win32\MainMenuScene.obj
         Debug.win32\POCActionLayer.obj
         Debug.win32\POCTestingScene.obj
         Debug.win32\POCUILayer.obj
         Debug.win32\SoundManager.obj
         Debug.win32\UIDelegateProtocol.obj
         Debug.win32\main.obj
         "D:\Cocos2d-x\cocos2d-x-2.1.4\cocos2d-x-2.1.4\projects\UI_ON_SPEED\proj.win32\Debug.win32\libcocos2d.lib"
         "D:\Cocos2d-x\cocos2d-x-2.1.4\cocos2d-x-2.1.4\projects\UI_ON_SPEED\proj.win32\Debug.win32\libCocosDenshion.lib"
         "D:\Cocos2d-x\cocos2d-x-2.1.4\cocos2d-x-2.1.4\projects\UI_ON_SPEED\proj.win32\Debug.win32\libExtensions.lib"
         "D:\Cocos2d-x\cocos2d-x-2.1.4\cocos2d-x-2.1.4\projects\UI_ON_SPEED\proj.win32\Debug.win32\libBox2D.lib"
         "D:\Cocos2d-x\cocos2d-x-2.1.4\cocos2d-x-2.1.4\projects\UI_ON_SPEED\proj.win32\Debug.win32\libchipmunk.lib"
       Manifest:
         C:\Program Files (x86)\Microsoft SDKs\Windows\v7.0A\bin\mt.exe /nologo /verbose /out:"Debug.win32\UI_ON_SPEED.exe.embed.manifest" /manifest Debug.win32\UI_ON_SPEED.exe.intermediate.manifest
         All outputs are up-to-date.
       LinkEmbedManifest:
         All outputs are up-to-date.
         UI_ON_SPEED.vcxproj -> D:\Cocos2d-x\cocos2d-x-2.1.4\cocos2d-x-2.1.4\projects\UI_ON_SPEED\proj.win32\Debug.win32\UI_ON_SPEED.exe
       FinalizeBuildStatus:
         Deleting file "Debug.win32\UI_ON_SPEED.unsuccessfulbuild".
         Touching "Debug.win32\UI_ON_SPEED.lastbuildstate".
     1>Done Building Project "D:\Cocos2d-x\cocos2d-x-2.1.4\cocos2d-x-2.1.4\projects\UI_ON_SPEED\proj.win32\UI_ON_SPEED.vcxproj" (build target(s)).

Build succeeded.

Time Elapsed 00:00:02.60
